<?xml version="1.0" encoding="UTF-8"?>
<!-- Generated by org.testng.reporters.JUnitReportReporter -->
<testsuite hostname="DESKTOP-7ST38NR" failures="0" tests="1" name="XYZBank.CustomerWithdrawalValidationTest" time="17.113" errors="0" timestamp="2024-03-10T20:36:48 IST" skipped="0">
  <testcase classname="XYZBank.CustomerWithdrawalValidationTest" name="customerWithdrawalValidation" time="17.113"/>
  <system-out/>
</testsuite> <!-- XYZBank.CustomerWithdrawalValidationTest -->
