<?xml version="1.0" encoding="UTF-8"?>
<!-- Generated by org.testng.reporters.JUnitReportReporter -->
<testsuite hostname="DESKTOP-7ST38NR" failures="0" tests="1" name="XYZBank.NoAccountsValidationTest" time="17.617" errors="0" timestamp="2024-03-10T20:36:48 IST" skipped="0">
  <testcase classname="XYZBank.NoAccountsValidationTest" name="noAccountsValidation" time="17.617"/>
  <system-out/>
</testsuite> <!-- XYZBank.NoAccountsValidationTest -->
