<?xml version="1.0" encoding="UTF-8"?>
<!-- Generated by org.testng.reporters.JUnitReportReporter -->
<testsuite hostname="DESKTOP-7ST38NR" failures="0" tests="1" name="XYZBank.OpenAccountPageValidationTest" time="9.813" errors="0" timestamp="2024-03-10T20:36:48 IST" skipped="0">
  <testcase classname="XYZBank.OpenAccountPageValidationTest" name="openAccountPageValidation" time="9.813"/>
  <system-out/>
</testsuite> <!-- XYZBank.OpenAccountPageValidationTest -->
