<?xml version="1.0" encoding="UTF-8"?>
<!-- Generated by org.testng.reporters.JUnitReportReporter -->
<testsuite hostname="DESKTOP-7ST38NR" failures="0" tests="1" name="capstoneproject.XYZTest" time="14.939" errors="0" timestamp="2024-03-06T23:52:55 IST" skipped="0">
  <testcase classname="capstoneproject.XYZTest" name="customerLoginValidation" time="14.939"/>
  <system-out/>
</testsuite> <!-- capstoneproject.XYZTest -->
